<?xml version="1.0" encoding="UTF-8"?>
<testsuite name="ParserFunctionalTest" tests="3" skipped="0" failures="0" errors="0" timestamp="2017-11-27T15:41:08" hostname="d-dyachenko" time="0.099">
  <properties/>
  <testcase name="testPlusBinaryOperator" classname="ParserFunctionalTest" time="0.096"/>
  <testcase name="testBinaryParser" classname="ParserFunctionalTest" time="0.0"/>
  <testcase name="testNumberParser" classname="ParserFunctionalTest" time="0.003"/>
  <system-out><![CDATA[]]></system-out>
  <system-err><![CDATA[]]></system-err>
</testsuite>
