<?xml version="1.0" encoding="UTF-8"?>
<testsuite name="FunctionTest" tests="5" skipped="0" failures="0" errors="0" timestamp="2017-11-27T15:41:08" hostname="d-dyachenko" time="0.038">
  <properties/>
  <testcase name="testEmbeddedFunctions" classname="FunctionTest" time="0.017"/>
  <testcase name="testMaxFunction" classname="FunctionTest" time="0.01"/>
  <testcase name="testSumFunction" classname="FunctionTest" time="0.004"/>
  <testcase name="testAverageFunction" classname="FunctionTest" time="0.003"/>
  <testcase name="testMinFunction" classname="FunctionTest" time="0.004"/>
  <system-out><![CDATA[]]></system-out>
  <system-err><![CDATA[Nov 27, 2017 5:41:08 PM javaclasses.calculator.fsm.FiniteStateMachine start
INFO: Start state: START
Nov 27, 2017 5:41:08 PM javaclasses.calculator.fsm.FiniteStateMachine moveForward
INFO: Checking possible state: NUMBER
Nov 27, 2017 5:41:08 PM javaclasses.calculator.fsm.FiniteStateMachine moveForward
INFO: Checking possible state: VARIABLE
Nov 27, 2017 5:41:08 PM javaclasses.calculator.fsm.FiniteStateMachine moveForward
INFO: Checking possible state: OPEN_BRACKET
Nov 27, 2017 5:41:08 PM javaclasses.calculator.fsm.FiniteStateMachine moveForward
INFO: Checking possible state: FUNCTION
Nov 27, 2017 5:41:08 PM javaclasses.calculator.fsm.FiniteStateMachine moveForward
INFO: State accepted: FUNCTION
Nov 27, 2017 5:41:08 PM javaclasses.calculator.fsm.FiniteStateMachine moveForward
INFO: Checking possible state: VARIABLE_DELIMITER
Nov 27, 2017 5:41:08 PM javaclasses.calculator.fsm.FiniteStateMachine moveForward
INFO: Checking possible state: BINARY_OPERATOR
Nov 27, 2017 5:41:08 PM javaclasses.calculator.fsm.FiniteStateMachine moveForward
INFO: Checking possible state: OPEN_BRACKET
Nov 27, 2017 5:41:08 PM javaclasses.calculator.fsm.FiniteStateMachine moveForward
INFO: State accepted: OPEN_BRACKET
Nov 27, 2017 5:41:08 PM javaclasses.calculator.fsm.FiniteStateMachine moveForward
INFO: Checking possible state: NUMBER
Nov 27, 2017 5:41:08 PM javaclasses.calculator.fsm.FiniteStateMachine moveForward
INFO: Checking possible state: VARIABLE
Nov 27, 2017 5:41:08 PM javaclasses.calculator.fsm.FiniteStateMachine moveForward
INFO: Checking possible state: OPEN_BRACKET
Nov 27, 2017 5:41:08 PM javaclasses.calculator.fsm.FiniteStateMachine moveForward
INFO: Checking possible state: CLOSE_BRACKET
Nov 27, 2017 5:41:08 PM javaclasses.calculator.fsm.FiniteStateMachine moveForward
INFO: Checking possible state: FUNCTION
Nov 27, 2017 5:41:08 PM javaclasses.calculator.fsm.FiniteStateMachine moveForward
INFO: State accepted: FUNCTION
Nov 27, 2017 5:41:08 PM javaclasses.calculator.fsm.FiniteStateMachine moveForward
INFO: Checking possible state: VARIABLE_DELIMITER
Nov 27, 2017 5:41:08 PM javaclasses.calculator.fsm.FiniteStateMachine moveForward
INFO: Checking possible state: BINARY_OPERATOR
Nov 27, 2017 5:41:08 PM javaclasses.calculator.fsm.FiniteStateMachine moveForward
INFO: Checking possible state: OPEN_BRACKET
Nov 27, 2017 5:41:08 PM javaclasses.calculator.fsm.FiniteStateMachine moveForward
INFO: State accepted: OPEN_BRACKET
Nov 27, 2017 5:41:08 PM javaclasses.calculator.fsm.FiniteStateMachine moveForward
INFO: Checking possible state: NUMBER
Nov 27, 2017 5:41:08 PM javaclasses.calculator.fsm.FiniteStateMachine moveForward
INFO: Checking possible state: VARIABLE
Nov 27, 2017 5:41:08 PM javaclasses.calculator.fsm.FiniteStateMachine moveForward
INFO: Checking possible state: OPEN_BRACKET
Nov 27, 2017 5:41:08 PM javaclasses.calculator.fsm.FiniteStateMachine moveForward
INFO: Checking possible state: CLOSE_BRACKET
Nov 27, 2017 5:41:08 PM javaclasses.calculator.fsm.FiniteStateMachine moveForward
INFO: Checking possible state: FUNCTION
Nov 27, 2017 5:41:08 PM javaclasses.calculator.fsm.FiniteStateMachine moveForward
INFO: State accepted: FUNCTION
Nov 27, 2017 5:41:08 PM javaclasses.calculator.fsm.FiniteStateMachine moveForward
INFO: Checking possible state: VARIABLE_DELIMITER
Nov 27, 2017 5:41:08 PM javaclasses.calculator.fsm.FiniteStateMachine moveForward
INFO: Checking possible state: BINARY_OPERATOR
Nov 27, 2017 5:41:08 PM javaclasses.calculator.fsm.FiniteStateMachine moveForward
INFO: Checking possible state: OPEN_BRACKET
Nov 27, 2017 5:41:08 PM javaclasses.calculator.fsm.FiniteStateMachine moveForward
INFO: State accepted: OPEN_BRACKET
Nov 27, 2017 5:41:08 PM javaclasses.calculator.fsm.FiniteStateMachine moveForward
INFO: Checking possible state: NUMBER
Nov 27, 2017 5:41:08 PM javaclasses.calculator.fsm.FiniteStateMachine moveForward
INFO: State accepted: NUMBER
Nov 27, 2017 5:41:08 PM javaclasses.calculator.fsm.FiniteStateMachine moveForward
INFO: Checking possible state: VARIABLE_DELIMITER
Nov 27, 2017 5:41:08 PM javaclasses.calculator.fsm.FiniteStateMachine moveForward
INFO: Checking possible state: BINARY_OPERATOR
Nov 27, 2017 5:41:08 PM javaclasses.calculator.fsm.FiniteStateMachine moveForward
INFO: Checking possible state: CLOSE_BRACKET
Nov 27, 2017 5:41:08 PM javaclasses.calculator.fsm.FiniteStateMachine moveForward
INFO: Checking possible state: DELIMITER
Nov 27, 2017 5:41:08 PM javaclasses.calculator.fsm.FiniteStateMachine moveForward
INFO: State accepted: DELIMITER
Nov 27, 2017 5:41:08 PM javaclasses.calculator.fsm.FiniteStateMachine moveForward
INFO: Checking possible state: NUMBER
Nov 27, 2017 5:41:08 PM javaclasses.calculator.fsm.FiniteStateMachine moveForward
INFO: State accepted: NUMBER
Nov 27, 2017 5:41:08 PM javaclasses.calculator.fsm.FiniteStateMachine moveForward
INFO: Checking possible state: VARIABLE_DELIMITER
Nov 27, 2017 5:41:08 PM javaclasses.calculator.fsm.FiniteStateMachine moveForward
INFO: Checking possible state: BINARY_OPERATOR
Nov 27, 2017 5:41:08 PM javaclasses.calculator.fsm.FiniteStateMachine moveForward
INFO: Checking possible state: CLOSE_BRACKET
Nov 27, 2017 5:41:08 PM javaclasses.calculator.fsm.FiniteStateMachine moveForward
INFO: Checking possible state: DELIMITER
Nov 27, 2017 5:41:08 PM javaclasses.calculator.fsm.FiniteStateMachine moveForward
INFO: State accepted: DELIMITER
Nov 27, 2017 5:41:08 PM javaclasses.calculator.fsm.FiniteStateMachine moveForward
INFO: Checking possible state: NUMBER
Nov 27, 2017 5:41:08 PM javaclasses.calculator.fsm.FiniteStateMachine moveForward
INFO: State accepted: NUMBER
Nov 27, 2017 5:41:08 PM javaclasses.calculator.fsm.FiniteStateMachine moveForward
INFO: Checking possible state: VARIABLE_DELIMITER
Nov 27, 2017 5:41:08 PM javaclasses.calculator.fsm.FiniteStateMachine moveForward
INFO: Checking possible state: BINARY_OPERATOR
Nov 27, 2017 5:41:08 PM javaclasses.calculator.fsm.FiniteStateMachine moveForward
INFO: Checking possible state: CLOSE_BRACKET
Nov 27, 2017 5:41:08 PM javaclasses.calculator.fsm.FiniteStateMachine moveForward
INFO: State accepted: CLOSE_BRACKET
Nov 27, 2017 5:41:08 PM javaclasses.calculator.fsm.FiniteStateMachine moveForward
INFO: Checking possible state: VARIABLE_DELIMITER
Nov 27, 2017 5:41:08 PM javaclasses.calculator.fsm.FiniteStateMachine moveForward
INFO: Checking possible state: BINARY_OPERATOR
Nov 27, 2017 5:41:08 PM javaclasses.calculator.fsm.FiniteStateMachine moveForward
INFO: Checking possible state: CLOSE_BRACKET
Nov 27, 2017 5:41:08 PM javaclasses.calculator.fsm.FiniteStateMachine moveForward
INFO: Checking possible state: DELIMITER
Nov 27, 2017 5:41:08 PM javaclasses.calculator.fsm.FiniteStateMachine moveForward
INFO: State accepted: DELIMITER
Nov 27, 2017 5:41:08 PM javaclasses.calculator.fsm.FiniteStateMachine moveForward
INFO: Checking possible state: NUMBER
Nov 27, 2017 5:41:08 PM javaclasses.calculator.fsm.FiniteStateMachine moveForward
INFO: State accepted: NUMBER
Nov 27, 2017 5:41:08 PM javaclasses.calculator.fsm.FiniteStateMachine moveForward
INFO: Checking possible state: VARIABLE_DELIMITER
Nov 27, 2017 5:41:08 PM javaclasses.calculator.fsm.FiniteStateMachine moveForward
INFO: Checking possible state: BINARY_OPERATOR
Nov 27, 2017 5:41:08 PM javaclasses.calculator.fsm.FiniteStateMachine moveForward
INFO: Checking possible state: CLOSE_BRACKET
Nov 27, 2017 5:41:08 PM javaclasses.calculator.fsm.FiniteStateMachine moveForward
INFO: State accepted: CLOSE_BRACKET
Nov 27, 2017 5:41:08 PM javaclasses.calculator.fsm.FiniteStateMachine moveForward
INFO: Checking possible state: VARIABLE_DELIMITER
Nov 27, 2017 5:41:08 PM javaclasses.calculator.fsm.FiniteStateMachine moveForward
INFO: Checking possible state: BINARY_OPERATOR
Nov 27, 2017 5:41:08 PM javaclasses.calculator.fsm.FiniteStateMachine moveForward
INFO: Checking possible state: CLOSE_BRACKET
Nov 27, 2017 5:41:08 PM javaclasses.calculator.fsm.FiniteStateMachine moveForward
INFO: Checking possible state: DELIMITER
Nov 27, 2017 5:41:08 PM javaclasses.calculator.fsm.FiniteStateMachine moveForward
INFO: State accepted: DELIMITER
Nov 27, 2017 5:41:08 PM javaclasses.calculator.fsm.FiniteStateMachine moveForward
INFO: Checking possible state: NUMBER
Nov 27, 2017 5:41:08 PM javaclasses.calculator.fsm.FiniteStateMachine moveForward
INFO: State accepted: NUMBER
Nov 27, 2017 5:41:08 PM javaclasses.calculator.fsm.FiniteStateMachine moveForward
INFO: Checking possible state: VARIABLE_DELIMITER
Nov 27, 2017 5:41:08 PM javaclasses.calculator.fsm.FiniteStateMachine moveForward
INFO: Checking possible state: BINARY_OPERATOR
Nov 27, 2017 5:41:08 PM javaclasses.calculator.fsm.FiniteStateMachine moveForward
INFO: Checking possible state: CLOSE_BRACKET
Nov 27, 2017 5:41:08 PM javaclasses.calculator.fsm.FiniteStateMachine moveForward
INFO: State accepted: CLOSE_BRACKET
Nov 27, 2017 5:41:08 PM javaclasses.calculator.fsm.FiniteStateMachine moveForward
INFO: Checking possible state: VARIABLE_DELIMITER
Nov 27, 2017 5:41:08 PM javaclasses.calculator.fsm.FiniteStateMachine moveForward
INFO: Checking possible state: BINARY_OPERATOR
Nov 27, 2017 5:41:08 PM javaclasses.calculator.fsm.FiniteStateMachine moveForward
INFO: Checking possible state: CLOSE_BRACKET
Nov 27, 2017 5:41:08 PM javaclasses.calculator.fsm.FiniteStateMachine moveForward
INFO: Checking possible state: DELIMITER
Nov 27, 2017 5:41:08 PM javaclasses.calculator.fsm.FiniteStateMachine moveForward
INFO: Checking possible state: FINISH
Nov 27, 2017 5:41:08 PM javaclasses.calculator.fsm.FiniteStateMachine moveForward
INFO: State accepted: FINISH
Nov 27, 2017 5:41:08 PM javaclasses.calculator.fsm.FiniteStateMachine start
INFO: Start state: START
Nov 27, 2017 5:41:08 PM javaclasses.calculator.fsm.FiniteStateMachine moveForward
INFO: Checking possible state: NUMBER
Nov 27, 2017 5:41:08 PM javaclasses.calculator.fsm.FiniteStateMachine moveForward
INFO: Checking possible state: VARIABLE
Nov 27, 2017 5:41:08 PM javaclasses.calculator.fsm.FiniteStateMachine moveForward
INFO: Checking possible state: OPEN_BRACKET
Nov 27, 2017 5:41:08 PM javaclasses.calculator.fsm.FiniteStateMachine moveForward
INFO: Checking possible state: FUNCTION
Nov 27, 2017 5:41:08 PM javaclasses.calculator.fsm.FiniteStateMachine moveForward
INFO: State accepted: FUNCTION
Nov 27, 2017 5:41:08 PM javaclasses.calculator.fsm.FiniteStateMachine moveForward
INFO: Checking possible state: VARIABLE_DELIMITER
Nov 27, 2017 5:41:08 PM javaclasses.calculator.fsm.FiniteStateMachine moveForward
INFO: Checking possible state: BINARY_OPERATOR
Nov 27, 2017 5:41:08 PM javaclasses.calculator.fsm.FiniteStateMachine moveForward
INFO: Checking possible state: OPEN_BRACKET
Nov 27, 2017 5:41:08 PM javaclasses.calculator.fsm.FiniteStateMachine moveForward
INFO: State accepted: OPEN_BRACKET
Nov 27, 2017 5:41:08 PM javaclasses.calculator.fsm.FiniteStateMachine moveForward
INFO: Checking possible state: NUMBER
Nov 27, 2017 5:41:08 PM javaclasses.calculator.fsm.FiniteStateMachine moveForward
INFO: State accepted: NUMBER
Nov 27, 2017 5:41:08 PM javaclasses.calculator.fsm.FiniteStateMachine moveForward
INFO: Checking possible state: VARIABLE_DELIMITER
Nov 27, 2017 5:41:08 PM javaclasses.calculator.fsm.FiniteStateMachine moveForward
INFO: Checking possible state: BINARY_OPERATOR
Nov 27, 2017 5:41:08 PM javaclasses.calculator.fsm.FiniteStateMachine moveForward
INFO: Checking possible state: CLOSE_BRACKET
Nov 27, 2017 5:41:08 PM javaclasses.calculator.fsm.FiniteStateMachine moveForward
INFO: Checking possible state: DELIMITER
Nov 27, 2017 5:41:08 PM javaclasses.calculator.fsm.FiniteStateMachine moveForward
INFO: State accepted: DELIMITER
Nov 27, 2017 5:41:08 PM javaclasses.calculator.fsm.FiniteStateMachine moveForward
INFO: Checking possible state: NUMBER
Nov 27, 2017 5:41:08 PM javaclasses.calculator.fsm.FiniteStateMachine moveForward
INFO: State accepted: NUMBER
Nov 27, 2017 5:41:08 PM javaclasses.calculator.fsm.FiniteStateMachine moveForward
INFO: Checking possible state: VARIABLE_DELIMITER
Nov 27, 2017 5:41:08 PM javaclasses.calculator.fsm.FiniteStateMachine moveForward
INFO: Checking possible state: BINARY_OPERATOR
Nov 27, 2017 5:41:08 PM javaclasses.calculator.fsm.FiniteStateMachine moveForward
INFO: Checking possible state: CLOSE_BRACKET
Nov 27, 2017 5:41:08 PM javaclasses.calculator.fsm.FiniteStateMachine moveForward
INFO: Checking possible state: DELIMITER
Nov 27, 2017 5:41:08 PM javaclasses.calculator.fsm.FiniteStateMachine moveForward
INFO: State accepted: DELIMITER
Nov 27, 2017 5:41:08 PM javaclasses.calculator.fsm.FiniteStateMachine moveForward
INFO: Checking possible state: NUMBER
Nov 27, 2017 5:41:08 PM javaclasses.calculator.fsm.FiniteStateMachine moveForward
INFO: State accepted: NUMBER
Nov 27, 2017 5:41:08 PM javaclasses.calculator.fsm.FiniteStateMachine moveForward
INFO: Checking possible state: VARIABLE_DELIMITER
Nov 27, 2017 5:41:08 PM javaclasses.calculator.fsm.FiniteStateMachine moveForward
INFO: Checking possible state: BINARY_OPERATOR
Nov 27, 2017 5:41:08 PM javaclasses.calculator.fsm.FiniteStateMachine moveForward
INFO: Checking possible state: CLOSE_BRACKET
Nov 27, 2017 5:41:08 PM javaclasses.calculator.fsm.FiniteStateMachine moveForward
INFO: Checking possible state: DELIMITER
Nov 27, 2017 5:41:08 PM javaclasses.calculator.fsm.FiniteStateMachine moveForward
INFO: State accepted: DELIMITER
Nov 27, 2017 5:41:08 PM javaclasses.calculator.fsm.FiniteStateMachine moveForward
INFO: Checking possible state: NUMBER
Nov 27, 2017 5:41:08 PM javaclasses.calculator.fsm.FiniteStateMachine moveForward
INFO: State accepted: NUMBER
Nov 27, 2017 5:41:08 PM javaclasses.calculator.fsm.FiniteStateMachine moveForward
INFO: Checking possible state: VARIABLE_DELIMITER
Nov 27, 2017 5:41:08 PM javaclasses.calculator.fsm.FiniteStateMachine moveForward
INFO: Checking possible state: BINARY_OPERATOR
Nov 27, 2017 5:41:08 PM javaclasses.calculator.fsm.FiniteStateMachine moveForward
INFO: Checking possible state: CLOSE_BRACKET
Nov 27, 2017 5:41:08 PM javaclasses.calculator.fsm.FiniteStateMachine moveForward
INFO: Checking possible state: DELIMITER
Nov 27, 2017 5:41:08 PM javaclasses.calculator.fsm.FiniteStateMachine moveForward
INFO: State accepted: DELIMITER
Nov 27, 2017 5:41:08 PM javaclasses.calculator.fsm.FiniteStateMachine moveForward
INFO: Checking possible state: NUMBER
Nov 27, 2017 5:41:08 PM javaclasses.calculator.fsm.FiniteStateMachine moveForward
INFO: State accepted: NUMBER
Nov 27, 2017 5:41:08 PM javaclasses.calculator.fsm.FiniteStateMachine moveForward
INFO: Checking possible state: VARIABLE_DELIMITER
Nov 27, 2017 5:41:08 PM javaclasses.calculator.fsm.FiniteStateMachine moveForward
INFO: Checking possible state: BINARY_OPERATOR
Nov 27, 2017 5:41:08 PM javaclasses.calculator.fsm.FiniteStateMachine moveForward
INFO: Checking possible state: CLOSE_BRACKET
Nov 27, 2017 5:41:08 PM javaclasses.calculator.fsm.FiniteStateMachine moveForward
INFO: Checking possible state: DELIMITER
Nov 27, 2017 5:41:08 PM javaclasses.calculator.fsm.FiniteStateMachine moveForward
INFO: State accepted: DELIMITER
Nov 27, 2017 5:41:08 PM javaclasses.calculator.fsm.FiniteStateMachine moveForward
INFO: Checking possible state: NUMBER
Nov 27, 2017 5:41:08 PM javaclasses.calculator.fsm.FiniteStateMachine moveForward
INFO: State accepted: NUMBER
Nov 27, 2017 5:41:08 PM javaclasses.calculator.fsm.FiniteStateMachine moveForward
INFO: Checking possible state: VARIABLE_DELIMITER
Nov 27, 2017 5:41:08 PM javaclasses.calculator.fsm.FiniteStateMachine moveForward
INFO: Checking possible state: BINARY_OPERATOR
Nov 27, 2017 5:41:08 PM javaclasses.calculator.fsm.FiniteStateMachine moveForward
INFO: Checking possible state: CLOSE_BRACKET
Nov 27, 2017 5:41:08 PM javaclasses.calculator.fsm.FiniteStateMachine moveForward
INFO: State accepted: CLOSE_BRACKET
Nov 27, 2017 5:41:08 PM javaclasses.calculator.fsm.FiniteStateMachine moveForward
INFO: Checking possible state: VARIABLE_DELIMITER
Nov 27, 2017 5:41:08 PM javaclasses.calculator.fsm.FiniteStateMachine moveForward
INFO: Checking possible state: BINARY_OPERATOR
Nov 27, 2017 5:41:08 PM javaclasses.calculator.fsm.FiniteStateMachine moveForward
INFO: Checking possible state: CLOSE_BRACKET
Nov 27, 2017 5:41:08 PM javaclasses.calculator.fsm.FiniteStateMachine moveForward
INFO: Checking possible state: DELIMITER
Nov 27, 2017 5:41:08 PM javaclasses.calculator.fsm.FiniteStateMachine moveForward
INFO: Checking possible state: FINISH
Nov 27, 2017 5:41:08 PM javaclasses.calculator.fsm.FiniteStateMachine moveForward
INFO: State accepted: FINISH
Nov 27, 2017 5:41:08 PM javaclasses.calculator.fsm.FiniteStateMachine start
INFO: Start state: START
Nov 27, 2017 5:41:08 PM javaclasses.calculator.fsm.FiniteStateMachine moveForward
INFO: Checking possible state: NUMBER
Nov 27, 2017 5:41:08 PM javaclasses.calculator.fsm.FiniteStateMachine moveForward
INFO: Checking possible state: VARIABLE
Nov 27, 2017 5:41:08 PM javaclasses.calculator.fsm.FiniteStateMachine moveForward
INFO: Checking possible state: OPEN_BRACKET
Nov 27, 2017 5:41:08 PM javaclasses.calculator.fsm.FiniteStateMachine moveForward
INFO: Checking possible state: FUNCTION
Nov 27, 2017 5:41:08 PM javaclasses.calculator.fsm.FiniteStateMachine moveForward
INFO: State accepted: FUNCTION
Nov 27, 2017 5:41:08 PM javaclasses.calculator.fsm.FiniteStateMachine moveForward
INFO: Checking possible state: VARIABLE_DELIMITER
Nov 27, 2017 5:41:08 PM javaclasses.calculator.fsm.FiniteStateMachine moveForward
INFO: Checking possible state: BINARY_OPERATOR
Nov 27, 2017 5:41:08 PM javaclasses.calculator.fsm.FiniteStateMachine moveForward
INFO: Checking possible state: OPEN_BRACKET
Nov 27, 2017 5:41:08 PM javaclasses.calculator.fsm.FiniteStateMachine moveForward
INFO: State accepted: OPEN_BRACKET
Nov 27, 2017 5:41:08 PM javaclasses.calculator.fsm.FiniteStateMachine moveForward
INFO: Checking possible state: NUMBER
Nov 27, 2017 5:41:08 PM javaclasses.calculator.fsm.FiniteStateMachine moveForward
INFO: State accepted: NUMBER
Nov 27, 2017 5:41:08 PM javaclasses.calculator.fsm.FiniteStateMachine moveForward
INFO: Checking possible state: VARIABLE_DELIMITER
Nov 27, 2017 5:41:08 PM javaclasses.calculator.fsm.FiniteStateMachine moveForward
INFO: Checking possible state: BINARY_OPERATOR
Nov 27, 2017 5:41:08 PM javaclasses.calculator.fsm.FiniteStateMachine moveForward
INFO: Checking possible state: CLOSE_BRACKET
Nov 27, 2017 5:41:08 PM javaclasses.calculator.fsm.FiniteStateMachine moveForward
INFO: Checking possible state: DELIMITER
Nov 27, 2017 5:41:08 PM javaclasses.calculator.fsm.FiniteStateMachine moveForward
INFO: State accepted: DELIMITER
Nov 27, 2017 5:41:08 PM javaclasses.calculator.fsm.FiniteStateMachine moveForward
INFO: Checking possible state: NUMBER
Nov 27, 2017 5:41:08 PM javaclasses.calculator.fsm.FiniteStateMachine moveForward
INFO: State accepted: NUMBER
Nov 27, 2017 5:41:08 PM javaclasses.calculator.fsm.FiniteStateMachine moveForward
INFO: Checking possible state: VARIABLE_DELIMITER
Nov 27, 2017 5:41:08 PM javaclasses.calculator.fsm.FiniteStateMachine moveForward
INFO: Checking possible state: BINARY_OPERATOR
Nov 27, 2017 5:41:08 PM javaclasses.calculator.fsm.FiniteStateMachine moveForward
INFO: Checking possible state: CLOSE_BRACKET
Nov 27, 2017 5:41:08 PM javaclasses.calculator.fsm.FiniteStateMachine moveForward
INFO: Checking possible state: DELIMITER
Nov 27, 2017 5:41:08 PM javaclasses.calculator.fsm.FiniteStateMachine moveForward
INFO: State accepted: DELIMITER
Nov 27, 2017 5:41:08 PM javaclasses.calculator.fsm.FiniteStateMachine moveForward
INFO: Checking possible state: NUMBER
Nov 27, 2017 5:41:08 PM javaclasses.calculator.fsm.FiniteStateMachine moveForward
INFO: State accepted: NUMBER
Nov 27, 2017 5:41:08 PM javaclasses.calculator.fsm.FiniteStateMachine moveForward
INFO: Checking possible state: VARIABLE_DELIMITER
Nov 27, 2017 5:41:08 PM javaclasses.calculator.fsm.FiniteStateMachine moveForward
INFO: Checking possible state: BINARY_OPERATOR
Nov 27, 2017 5:41:08 PM javaclasses.calculator.fsm.FiniteStateMachine moveForward
INFO: Checking possible state: CLOSE_BRACKET
Nov 27, 2017 5:41:08 PM javaclasses.calculator.fsm.FiniteStateMachine moveForward
INFO: Checking possible state: DELIMITER
Nov 27, 2017 5:41:08 PM javaclasses.calculator.fsm.FiniteStateMachine moveForward
INFO: State accepted: DELIMITER
Nov 27, 2017 5:41:08 PM javaclasses.calculator.fsm.FiniteStateMachine moveForward
INFO: Checking possible state: NUMBER
Nov 27, 2017 5:41:08 PM javaclasses.calculator.fsm.FiniteStateMachine moveForward
INFO: State accepted: NUMBER
Nov 27, 2017 5:41:08 PM javaclasses.calculator.fsm.FiniteStateMachine moveForward
INFO: Checking possible state: VARIABLE_DELIMITER
Nov 27, 2017 5:41:08 PM javaclasses.calculator.fsm.FiniteStateMachine moveForward
INFO: Checking possible state: BINARY_OPERATOR
Nov 27, 2017 5:41:08 PM javaclasses.calculator.fsm.FiniteStateMachine moveForward
INFO: Checking possible state: CLOSE_BRACKET
Nov 27, 2017 5:41:08 PM javaclasses.calculator.fsm.FiniteStateMachine moveForward
INFO: State accepted: CLOSE_BRACKET
Nov 27, 2017 5:41:08 PM javaclasses.calculator.fsm.FiniteStateMachine moveForward
INFO: Checking possible state: VARIABLE_DELIMITER
Nov 27, 2017 5:41:08 PM javaclasses.calculator.fsm.FiniteStateMachine moveForward
INFO: Checking possible state: BINARY_OPERATOR
Nov 27, 2017 5:41:08 PM javaclasses.calculator.fsm.FiniteStateMachine moveForward
INFO: Checking possible state: CLOSE_BRACKET
Nov 27, 2017 5:41:08 PM javaclasses.calculator.fsm.FiniteStateMachine moveForward
INFO: Checking possible state: DELIMITER
Nov 27, 2017 5:41:08 PM javaclasses.calculator.fsm.FiniteStateMachine moveForward
INFO: Checking possible state: FINISH
Nov 27, 2017 5:41:08 PM javaclasses.calculator.fsm.FiniteStateMachine moveForward
INFO: State accepted: FINISH
Nov 27, 2017 5:41:08 PM javaclasses.calculator.fsm.FiniteStateMachine start
INFO: Start state: START
Nov 27, 2017 5:41:08 PM javaclasses.calculator.fsm.FiniteStateMachine moveForward
INFO: Checking possible state: NUMBER
Nov 27, 2017 5:41:08 PM javaclasses.calculator.fsm.FiniteStateMachine moveForward
INFO: Checking possible state: VARIABLE
Nov 27, 2017 5:41:08 PM javaclasses.calculator.fsm.FiniteStateMachine moveForward
INFO: Checking possible state: OPEN_BRACKET
Nov 27, 2017 5:41:08 PM javaclasses.calculator.fsm.FiniteStateMachine moveForward
INFO: Checking possible state: FUNCTION
Nov 27, 2017 5:41:08 PM javaclasses.calculator.fsm.FiniteStateMachine moveForward
INFO: State accepted: FUNCTION
Nov 27, 2017 5:41:08 PM javaclasses.calculator.fsm.FiniteStateMachine moveForward
INFO: Checking possible state: VARIABLE_DELIMITER
Nov 27, 2017 5:41:08 PM javaclasses.calculator.fsm.FiniteStateMachine moveForward
INFO: Checking possible state: BINARY_OPERATOR
Nov 27, 2017 5:41:08 PM javaclasses.calculator.fsm.FiniteStateMachine moveForward
INFO: Checking possible state: OPEN_BRACKET
Nov 27, 2017 5:41:08 PM javaclasses.calculator.fsm.FiniteStateMachine moveForward
INFO: State accepted: OPEN_BRACKET
Nov 27, 2017 5:41:08 PM javaclasses.calculator.fsm.FiniteStateMachine moveForward
INFO: Checking possible state: NUMBER
Nov 27, 2017 5:41:08 PM javaclasses.calculator.fsm.FiniteStateMachine moveForward
INFO: State accepted: NUMBER
Nov 27, 2017 5:41:08 PM javaclasses.calculator.fsm.FiniteStateMachine moveForward
INFO: Checking possible state: VARIABLE_DELIMITER
Nov 27, 2017 5:41:08 PM javaclasses.calculator.fsm.FiniteStateMachine moveForward
INFO: Checking possible state: BINARY_OPERATOR
Nov 27, 2017 5:41:08 PM javaclasses.calculator.fsm.FiniteStateMachine moveForward
INFO: Checking possible state: CLOSE_BRACKET
Nov 27, 2017 5:41:08 PM javaclasses.calculator.fsm.FiniteStateMachine moveForward
INFO: Checking possible state: DELIMITER
Nov 27, 2017 5:41:08 PM javaclasses.calculator.fsm.FiniteStateMachine moveForward
INFO: State accepted: DELIMITER
Nov 27, 2017 5:41:08 PM javaclasses.calculator.fsm.FiniteStateMachine moveForward
INFO: Checking possible state: NUMBER
Nov 27, 2017 5:41:08 PM javaclasses.calculator.fsm.FiniteStateMachine moveForward
INFO: State accepted: NUMBER
Nov 27, 2017 5:41:08 PM javaclasses.calculator.fsm.FiniteStateMachine moveForward
INFO: Checking possible state: VARIABLE_DELIMITER
Nov 27, 2017 5:41:08 PM javaclasses.calculator.fsm.FiniteStateMachine moveForward
INFO: Checking possible state: BINARY_OPERATOR
Nov 27, 2017 5:41:08 PM javaclasses.calculator.fsm.FiniteStateMachine moveForward
INFO: Checking possible state: CLOSE_BRACKET
Nov 27, 2017 5:41:08 PM javaclasses.calculator.fsm.FiniteStateMachine moveForward
INFO: Checking possible state: DELIMITER
Nov 27, 2017 5:41:08 PM javaclasses.calculator.fsm.FiniteStateMachine moveForward
INFO: State accepted: DELIMITER
Nov 27, 2017 5:41:08 PM javaclasses.calculator.fsm.FiniteStateMachine moveForward
INFO: Checking possible state: NUMBER
Nov 27, 2017 5:41:08 PM javaclasses.calculator.fsm.FiniteStateMachine moveForward
INFO: State accepted: NUMBER
Nov 27, 2017 5:41:08 PM javaclasses.calculator.fsm.FiniteStateMachine moveForward
INFO: Checking possible state: VARIABLE_DELIMITER
Nov 27, 2017 5:41:08 PM javaclasses.calculator.fsm.FiniteStateMachine moveForward
INFO: Checking possible state: BINARY_OPERATOR
Nov 27, 2017 5:41:08 PM javaclasses.calculator.fsm.FiniteStateMachine moveForward
INFO: Checking possible state: CLOSE_BRACKET
Nov 27, 2017 5:41:08 PM javaclasses.calculator.fsm.FiniteStateMachine moveForward
INFO: State accepted: CLOSE_BRACKET
Nov 27, 2017 5:41:08 PM javaclasses.calculator.fsm.FiniteStateMachine moveForward
INFO: Checking possible state: VARIABLE_DELIMITER
Nov 27, 2017 5:41:08 PM javaclasses.calculator.fsm.FiniteStateMachine moveForward
INFO: Checking possible state: BINARY_OPERATOR
Nov 27, 2017 5:41:08 PM javaclasses.calculator.fsm.FiniteStateMachine moveForward
INFO: Checking possible state: CLOSE_BRACKET
Nov 27, 2017 5:41:08 PM javaclasses.calculator.fsm.FiniteStateMachine moveForward
INFO: Checking possible state: DELIMITER
Nov 27, 2017 5:41:08 PM javaclasses.calculator.fsm.FiniteStateMachine moveForward
INFO: Checking possible state: FINISH
Nov 27, 2017 5:41:08 PM javaclasses.calculator.fsm.FiniteStateMachine moveForward
INFO: State accepted: FINISH
Nov 27, 2017 5:41:08 PM javaclasses.calculator.fsm.FiniteStateMachine start
INFO: Start state: START
Nov 27, 2017 5:41:08 PM javaclasses.calculator.fsm.FiniteStateMachine moveForward
INFO: Checking possible state: NUMBER
Nov 27, 2017 5:41:08 PM javaclasses.calculator.fsm.FiniteStateMachine moveForward
INFO: Checking possible state: VARIABLE
Nov 27, 2017 5:41:08 PM javaclasses.calculator.fsm.FiniteStateMachine moveForward
INFO: Checking possible state: OPEN_BRACKET
Nov 27, 2017 5:41:08 PM javaclasses.calculator.fsm.FiniteStateMachine moveForward
INFO: Checking possible state: FUNCTION
Nov 27, 2017 5:41:08 PM javaclasses.calculator.fsm.FiniteStateMachine moveForward
INFO: State accepted: FUNCTION
Nov 27, 2017 5:41:08 PM javaclasses.calculator.fsm.FiniteStateMachine moveForward
INFO: Checking possible state: VARIABLE_DELIMITER
Nov 27, 2017 5:41:08 PM javaclasses.calculator.fsm.FiniteStateMachine moveForward
INFO: Checking possible state: BINARY_OPERATOR
Nov 27, 2017 5:41:08 PM javaclasses.calculator.fsm.FiniteStateMachine moveForward
INFO: Checking possible state: OPEN_BRACKET
Nov 27, 2017 5:41:08 PM javaclasses.calculator.fsm.FiniteStateMachine moveForward
INFO: State accepted: OPEN_BRACKET
Nov 27, 2017 5:41:08 PM javaclasses.calculator.fsm.FiniteStateMachine moveForward
INFO: Checking possible state: NUMBER
Nov 27, 2017 5:41:08 PM javaclasses.calculator.fsm.FiniteStateMachine moveForward
INFO: State accepted: NUMBER
Nov 27, 2017 5:41:08 PM javaclasses.calculator.fsm.FiniteStateMachine moveForward
INFO: Checking possible state: VARIABLE_DELIMITER
Nov 27, 2017 5:41:08 PM javaclasses.calculator.fsm.FiniteStateMachine moveForward
INFO: Checking possible state: BINARY_OPERATOR
Nov 27, 2017 5:41:08 PM javaclasses.calculator.fsm.FiniteStateMachine moveForward
INFO: Checking possible state: CLOSE_BRACKET
Nov 27, 2017 5:41:08 PM javaclasses.calculator.fsm.FiniteStateMachine moveForward
INFO: Checking possible state: DELIMITER
Nov 27, 2017 5:41:08 PM javaclasses.calculator.fsm.FiniteStateMachine moveForward
INFO: State accepted: DELIMITER
Nov 27, 2017 5:41:08 PM javaclasses.calculator.fsm.FiniteStateMachine moveForward
INFO: Checking possible state: NUMBER
Nov 27, 2017 5:41:08 PM javaclasses.calculator.fsm.FiniteStateMachine moveForward
INFO: State accepted: NUMBER
Nov 27, 2017 5:41:08 PM javaclasses.calculator.fsm.FiniteStateMachine moveForward
INFO: Checking possible state: VARIABLE_DELIMITER
Nov 27, 2017 5:41:08 PM javaclasses.calculator.fsm.FiniteStateMachine moveForward
INFO: Checking possible state: BINARY_OPERATOR
Nov 27, 2017 5:41:08 PM javaclasses.calculator.fsm.FiniteStateMachine moveForward
INFO: Checking possible state: CLOSE_BRACKET
Nov 27, 2017 5:41:08 PM javaclasses.calculator.fsm.FiniteStateMachine moveForward
INFO: Checking possible state: DELIMITER
Nov 27, 2017 5:41:08 PM javaclasses.calculator.fsm.FiniteStateMachine moveForward
INFO: State accepted: DELIMITER
Nov 27, 2017 5:41:08 PM javaclasses.calculator.fsm.FiniteStateMachine moveForward
INFO: Checking possible state: NUMBER
Nov 27, 2017 5:41:08 PM javaclasses.calculator.fsm.FiniteStateMachine moveForward
INFO: State accepted: NUMBER
Nov 27, 2017 5:41:08 PM javaclasses.calculator.fsm.FiniteStateMachine moveForward
INFO: Checking possible state: VARIABLE_DELIMITER
Nov 27, 2017 5:41:08 PM javaclasses.calculator.fsm.FiniteStateMachine moveForward
INFO: Checking possible state: BINARY_OPERATOR
Nov 27, 2017 5:41:08 PM javaclasses.calculator.fsm.FiniteStateMachine moveForward
INFO: Checking possible state: CLOSE_BRACKET
Nov 27, 2017 5:41:08 PM javaclasses.calculator.fsm.FiniteStateMachine moveForward
INFO: Checking possible state: DELIMITER
Nov 27, 2017 5:41:08 PM javaclasses.calculator.fsm.FiniteStateMachine moveForward
INFO: State accepted: DELIMITER
Nov 27, 2017 5:41:08 PM javaclasses.calculator.fsm.FiniteStateMachine moveForward
INFO: Checking possible state: NUMBER
Nov 27, 2017 5:41:08 PM javaclasses.calculator.fsm.FiniteStateMachine moveForward
INFO: State accepted: NUMBER
Nov 27, 2017 5:41:08 PM javaclasses.calculator.fsm.FiniteStateMachine moveForward
INFO: Checking possible state: VARIABLE_DELIMITER
Nov 27, 2017 5:41:08 PM javaclasses.calculator.fsm.FiniteStateMachine moveForward
INFO: Checking possible state: BINARY_OPERATOR
Nov 27, 2017 5:41:08 PM javaclasses.calculator.fsm.FiniteStateMachine moveForward
INFO: Checking possible state: CLOSE_BRACKET
Nov 27, 2017 5:41:08 PM javaclasses.calculator.fsm.FiniteStateMachine moveForward
INFO: Checking possible state: DELIMITER
Nov 27, 2017 5:41:08 PM javaclasses.calculator.fsm.FiniteStateMachine moveForward
INFO: State accepted: DELIMITER
Nov 27, 2017 5:41:08 PM javaclasses.calculator.fsm.FiniteStateMachine moveForward
INFO: Checking possible state: NUMBER
Nov 27, 2017 5:41:08 PM javaclasses.calculator.fsm.FiniteStateMachine moveForward
INFO: State accepted: NUMBER
Nov 27, 2017 5:41:08 PM javaclasses.calculator.fsm.FiniteStateMachine moveForward
INFO: Checking possible state: VARIABLE_DELIMITER
Nov 27, 2017 5:41:08 PM javaclasses.calculator.fsm.FiniteStateMachine moveForward
INFO: Checking possible state: BINARY_OPERATOR
Nov 27, 2017 5:41:08 PM javaclasses.calculator.fsm.FiniteStateMachine moveForward
INFO: Checking possible state: CLOSE_BRACKET
Nov 27, 2017 5:41:08 PM javaclasses.calculator.fsm.FiniteStateMachine moveForward
INFO: State accepted: CLOSE_BRACKET
Nov 27, 2017 5:41:08 PM javaclasses.calculator.fsm.FiniteStateMachine moveForward
INFO: Checking possible state: VARIABLE_DELIMITER
Nov 27, 2017 5:41:08 PM javaclasses.calculator.fsm.FiniteStateMachine moveForward
INFO: Checking possible state: BINARY_OPERATOR
Nov 27, 2017 5:41:08 PM javaclasses.calculator.fsm.FiniteStateMachine moveForward
INFO: Checking possible state: CLOSE_BRACKET
Nov 27, 2017 5:41:08 PM javaclasses.calculator.fsm.FiniteStateMachine moveForward
INFO: Checking possible state: DELIMITER
Nov 27, 2017 5:41:08 PM javaclasses.calculator.fsm.FiniteStateMachine moveForward
INFO: Checking possible state: FINISH
Nov 27, 2017 5:41:08 PM javaclasses.calculator.fsm.FiniteStateMachine moveForward
INFO: State accepted: FINISH
]]></system-err>
</testsuite>
