<?xml version="1.0" encoding="UTF-8"?>
<testsuite name="MinusTest" tests="3" skipped="0" failures="0" errors="0" timestamp="2017-11-27T15:41:08" hostname="d-dyachenko" time="0.019">
  <properties/>
  <testcase name="testSingleMinusOperator" classname="MinusTest" time="0.002"/>
  <testcase name="testMultiPlusOperator" classname="MinusTest" time="0.011"/>
  <testcase name="testMultiPlusOperatorWithIntegers" classname="MinusTest" time="0.004"/>
  <system-out><![CDATA[]]></system-out>
  <system-err><![CDATA[Nov 27, 2017 5:41:08 PM javaclasses.calculator.fsm.FiniteStateMachine start
INFO: Start state: START
Nov 27, 2017 5:41:08 PM javaclasses.calculator.fsm.FiniteStateMachine moveForward
INFO: Checking possible state: NUMBER
Nov 27, 2017 5:41:08 PM javaclasses.calculator.fsm.FiniteStateMachine moveForward
INFO: State accepted: NUMBER
Nov 27, 2017 5:41:08 PM javaclasses.calculator.fsm.FiniteStateMachine moveForward
INFO: Checking possible state: VARIABLE_DELIMITER
Nov 27, 2017 5:41:08 PM javaclasses.calculator.fsm.FiniteStateMachine moveForward
INFO: Checking possible state: BINARY_OPERATOR
Nov 27, 2017 5:41:08 PM javaclasses.calculator.fsm.FiniteStateMachine moveForward
INFO: State accepted: BINARY_OPERATOR
Nov 27, 2017 5:41:08 PM javaclasses.calculator.fsm.FiniteStateMachine moveForward
INFO: Checking possible state: NUMBER
Nov 27, 2017 5:41:08 PM javaclasses.calculator.fsm.FiniteStateMachine moveForward
INFO: State accepted: NUMBER
Nov 27, 2017 5:41:08 PM javaclasses.calculator.fsm.FiniteStateMachine moveForward
INFO: Checking possible state: VARIABLE_DELIMITER
Nov 27, 2017 5:41:08 PM javaclasses.calculator.fsm.FiniteStateMachine moveForward
INFO: Checking possible state: BINARY_OPERATOR
Nov 27, 2017 5:41:08 PM javaclasses.calculator.fsm.FiniteStateMachine moveForward
INFO: Checking possible state: CLOSE_BRACKET
Nov 27, 2017 5:41:08 PM javaclasses.calculator.fsm.FiniteStateMachine moveForward
INFO: Checking possible state: DELIMITER
Nov 27, 2017 5:41:08 PM javaclasses.calculator.fsm.FiniteStateMachine moveForward
INFO: Checking possible state: FINISH
Nov 27, 2017 5:41:08 PM javaclasses.calculator.fsm.FiniteStateMachine moveForward
INFO: State accepted: FINISH
Nov 27, 2017 5:41:08 PM javaclasses.calculator.fsm.FiniteStateMachine start
INFO: Start state: START
Nov 27, 2017 5:41:08 PM javaclasses.calculator.fsm.FiniteStateMachine moveForward
INFO: Checking possible state: NUMBER
Nov 27, 2017 5:41:08 PM javaclasses.calculator.fsm.FiniteStateMachine moveForward
INFO: State accepted: NUMBER
Nov 27, 2017 5:41:08 PM javaclasses.calculator.fsm.FiniteStateMachine moveForward
INFO: Checking possible state: VARIABLE_DELIMITER
Nov 27, 2017 5:41:08 PM javaclasses.calculator.fsm.FiniteStateMachine moveForward
INFO: Checking possible state: BINARY_OPERATOR
Nov 27, 2017 5:41:08 PM javaclasses.calculator.fsm.FiniteStateMachine moveForward
INFO: State accepted: BINARY_OPERATOR
Nov 27, 2017 5:41:08 PM javaclasses.calculator.fsm.FiniteStateMachine moveForward
INFO: Checking possible state: NUMBER
Nov 27, 2017 5:41:08 PM javaclasses.calculator.fsm.FiniteStateMachine moveForward
INFO: State accepted: NUMBER
Nov 27, 2017 5:41:08 PM javaclasses.calculator.fsm.FiniteStateMachine moveForward
INFO: Checking possible state: VARIABLE_DELIMITER
Nov 27, 2017 5:41:08 PM javaclasses.calculator.fsm.FiniteStateMachine moveForward
INFO: Checking possible state: BINARY_OPERATOR
Nov 27, 2017 5:41:08 PM javaclasses.calculator.fsm.FiniteStateMachine moveForward
INFO: State accepted: BINARY_OPERATOR
Nov 27, 2017 5:41:08 PM javaclasses.calculator.fsm.FiniteStateMachine moveForward
INFO: Checking possible state: NUMBER
Nov 27, 2017 5:41:08 PM javaclasses.calculator.fsm.FiniteStateMachine moveForward
INFO: State accepted: NUMBER
Nov 27, 2017 5:41:08 PM javaclasses.calculator.fsm.FiniteStateMachine moveForward
INFO: Checking possible state: VARIABLE_DELIMITER
Nov 27, 2017 5:41:08 PM javaclasses.calculator.fsm.FiniteStateMachine moveForward
INFO: Checking possible state: BINARY_OPERATOR
Nov 27, 2017 5:41:08 PM javaclasses.calculator.fsm.FiniteStateMachine moveForward
INFO: State accepted: BINARY_OPERATOR
Nov 27, 2017 5:41:08 PM javaclasses.calculator.fsm.FiniteStateMachine moveForward
INFO: Checking possible state: NUMBER
Nov 27, 2017 5:41:08 PM javaclasses.calculator.fsm.FiniteStateMachine moveForward
INFO: State accepted: NUMBER
Nov 27, 2017 5:41:08 PM javaclasses.calculator.fsm.FiniteStateMachine moveForward
INFO: Checking possible state: VARIABLE_DELIMITER
Nov 27, 2017 5:41:08 PM javaclasses.calculator.fsm.FiniteStateMachine moveForward
INFO: Checking possible state: BINARY_OPERATOR
Nov 27, 2017 5:41:08 PM javaclasses.calculator.fsm.FiniteStateMachine moveForward
INFO: Checking possible state: CLOSE_BRACKET
Nov 27, 2017 5:41:08 PM javaclasses.calculator.fsm.FiniteStateMachine moveForward
INFO: Checking possible state: DELIMITER
Nov 27, 2017 5:41:08 PM javaclasses.calculator.fsm.FiniteStateMachine moveForward
INFO: Checking possible state: FINISH
Nov 27, 2017 5:41:08 PM javaclasses.calculator.fsm.FiniteStateMachine moveForward
INFO: State accepted: FINISH
Nov 27, 2017 5:41:08 PM javaclasses.calculator.fsm.FiniteStateMachine start
INFO: Start state: START
Nov 27, 2017 5:41:08 PM javaclasses.calculator.fsm.FiniteStateMachine moveForward
INFO: Checking possible state: NUMBER
Nov 27, 2017 5:41:08 PM javaclasses.calculator.fsm.FiniteStateMachine moveForward
INFO: State accepted: NUMBER
Nov 27, 2017 5:41:08 PM javaclasses.calculator.fsm.FiniteStateMachine moveForward
INFO: Checking possible state: VARIABLE_DELIMITER
Nov 27, 2017 5:41:08 PM javaclasses.calculator.fsm.FiniteStateMachine moveForward
INFO: Checking possible state: BINARY_OPERATOR
Nov 27, 2017 5:41:08 PM javaclasses.calculator.fsm.FiniteStateMachine moveForward
INFO: State accepted: BINARY_OPERATOR
Nov 27, 2017 5:41:08 PM javaclasses.calculator.fsm.FiniteStateMachine moveForward
INFO: Checking possible state: NUMBER
Nov 27, 2017 5:41:08 PM javaclasses.calculator.fsm.FiniteStateMachine moveForward
INFO: State accepted: NUMBER
Nov 27, 2017 5:41:08 PM javaclasses.calculator.fsm.FiniteStateMachine moveForward
INFO: Checking possible state: VARIABLE_DELIMITER
Nov 27, 2017 5:41:08 PM javaclasses.calculator.fsm.FiniteStateMachine moveForward
INFO: Checking possible state: BINARY_OPERATOR
Nov 27, 2017 5:41:08 PM javaclasses.calculator.fsm.FiniteStateMachine moveForward
INFO: State accepted: BINARY_OPERATOR
Nov 27, 2017 5:41:08 PM javaclasses.calculator.fsm.FiniteStateMachine moveForward
INFO: Checking possible state: NUMBER
Nov 27, 2017 5:41:08 PM javaclasses.calculator.fsm.FiniteStateMachine moveForward
INFO: State accepted: NUMBER
Nov 27, 2017 5:41:08 PM javaclasses.calculator.fsm.FiniteStateMachine moveForward
INFO: Checking possible state: VARIABLE_DELIMITER
Nov 27, 2017 5:41:08 PM javaclasses.calculator.fsm.FiniteStateMachine moveForward
INFO: Checking possible state: BINARY_OPERATOR
Nov 27, 2017 5:41:08 PM javaclasses.calculator.fsm.FiniteStateMachine moveForward
INFO: State accepted: BINARY_OPERATOR
Nov 27, 2017 5:41:08 PM javaclasses.calculator.fsm.FiniteStateMachine moveForward
INFO: Checking possible state: NUMBER
Nov 27, 2017 5:41:08 PM javaclasses.calculator.fsm.FiniteStateMachine moveForward
INFO: State accepted: NUMBER
Nov 27, 2017 5:41:08 PM javaclasses.calculator.fsm.FiniteStateMachine moveForward
INFO: Checking possible state: VARIABLE_DELIMITER
Nov 27, 2017 5:41:08 PM javaclasses.calculator.fsm.FiniteStateMachine moveForward
INFO: Checking possible state: BINARY_OPERATOR
Nov 27, 2017 5:41:08 PM javaclasses.calculator.fsm.FiniteStateMachine moveForward
INFO: Checking possible state: CLOSE_BRACKET
Nov 27, 2017 5:41:08 PM javaclasses.calculator.fsm.FiniteStateMachine moveForward
INFO: Checking possible state: DELIMITER
Nov 27, 2017 5:41:08 PM javaclasses.calculator.fsm.FiniteStateMachine moveForward
INFO: Checking possible state: FINISH
Nov 27, 2017 5:41:08 PM javaclasses.calculator.fsm.FiniteStateMachine moveForward
INFO: State accepted: FINISH
]]></system-err>
</testsuite>
